TN:
SF:src/domains/users/infra/typeorm/entities/User.ts
FN:12,(anonymous_16)
FN:26,(anonymous_18)
FNF:2
FNH:1
FNDA:15,(anonymous_16)
FNDA:0,(anonymous_18)
DA:1,6
DA:9,6
DA:12,6
DA:14,6
DA:17,6
DA:20,6
DA:23,6
DA:26,6
DA:27,0
DA:28,0
DA:33,6
DA:36,6
DA:39,6
DA:42,6
DA:43,6
DA:44,6
LF:16
LH:14
BRDA:27,0,0,0
BRDA:27,0,1,0
BRF:2
BRH:0
end_of_record
TN:
SF:src/domains/users/infra/typeorm/entities/UserTypes.ts
FN:10,(anonymous_2)
FNF:1
FNH:0
FNDA:0,(anonymous_2)
DA:1,0
DA:10,0
DA:12,0
DA:15,0
DA:18,0
DA:21,0
DA:24,0
DA:25,0
DA:26,0
LF:9
LH:0
BRF:0
BRH:0
end_of_record
TN:
SF:src/domains/users/repositories/fakes/FakeUsersRepository.ts
FN:7,(anonymous_3)
FN:9,FakeUsersRepository
FN:11,(anonymous_5)
FN:12,(anonymous_6)
FN:16,(anonymous_7)
FN:17,(anonymous_8)
FN:18,(anonymous_9)
FN:22,(anonymous_10)
FN:23,(anonymous_11)
FN:24,(anonymous_12)
FN:30,(anonymous_13)
FN:31,(anonymous_14)
FN:32,(anonymous_15)
FN:37,(anonymous_16)
FN:38,(anonymous_17)
FN:51,(anonymous_18)
FN:52,(anonymous_19)
FN:53,(anonymous_20)
FNF:18
FNH:18
FNDA:6,(anonymous_3)
FNDA:6,FakeUsersRepository
FNDA:2,(anonymous_5)
FNDA:2,(anonymous_6)
FNDA:3,(anonymous_7)
FNDA:3,(anonymous_8)
FNDA:3,(anonymous_9)
FNDA:14,(anonymous_10)
FNDA:14,(anonymous_11)
FNDA:11,(anonymous_12)
FNDA:1,(anonymous_13)
FNDA:1,(anonymous_14)
FNDA:1,(anonymous_15)
FNDA:9,(anonymous_16)
FNDA:9,(anonymous_17)
FNDA:1,(anonymous_18)
FNDA:1,(anonymous_19)
FNDA:1,(anonymous_20)
DA:3,6
DA:4,6
DA:5,6
DA:7,6
DA:8,6
DA:11,6
DA:12,2
DA:13,2
DA:16,6
DA:17,3
DA:18,3
DA:22,14
DA:23,14
DA:24,14
DA:26,14
DA:30,6
DA:31,1
DA:32,1
DA:33,1
DA:37,9
DA:38,9
DA:39,9
DA:40,9
DA:47,9
DA:48,9
DA:51,6
DA:52,1
DA:53,1
DA:54,1
DA:55,1
DA:58,6
DA:59,6
LF:32
LH:32
BRF:0
BRH:0
end_of_record
TN:
SF:src/domains/users/services/AuthenticateUserService.ts
FN:16,(anonymous_14)
FN:17,AuthenticateUserService
FN:18,(anonymous_16)
FNF:3
FNH:3
FNDA:1,(anonymous_14)
FNDA:4,AuthenticateUserService
FNDA:4,(anonymous_16)
DA:1,1
DA:3,1
DA:4,1
DA:6,1
DA:16,1
DA:17,4
DA:18,1
DA:19,4
DA:20,4
DA:22,4
DA:24,4
DA:25,2
DA:28,2
DA:29,1
DA:32,1
DA:48,1
LF:16
LH:16
BRDA:22,0,0,4
BRDA:24,1,0,2
BRDA:24,1,1,2
BRDA:28,2,0,1
BRDA:28,2,1,1
BRF:5
BRH:5
end_of_record
TN:
SF:src/domains/users/services/CreateUserService.ts
FN:11,(anonymous_14)
FN:12,CreateUserService
FN:13,(anonymous_16)
FNF:3
FNH:3
FNDA:6,(anonymous_14)
FNDA:11,CreateUserService
FNDA:10,(anonymous_16)
DA:1,6
DA:11,6
DA:12,11
DA:13,6
DA:14,10
DA:15,10
DA:16,10
DA:17,10
DA:18,10
DA:20,10
DA:22,10
DA:23,1
DA:25,9
DA:32,9
DA:33,9
DA:35,6
LF:16
LH:16
BRDA:20,0,0,10
BRDA:22,1,0,1
BRDA:22,1,1,9
BRF:3
BRH:3
end_of_record
TN:
SF:src/domains/users/services/DeleteUserService.ts
FN:5,(anonymous_13)
FN:6,DeleteUserService
FN:7,(anonymous_15)
FNF:3
FNH:3
FNDA:1,(anonymous_13)
FNDA:1,DeleteUserService
FNDA:1,(anonymous_15)
DA:5,1
DA:6,1
DA:7,1
DA:8,2
DA:10,1
LF:5
LH:5
BRDA:8,0,0,1
BRF:1
BRH:1
end_of_record
TN:
SF:src/domains/users/services/ListUserService.ts
FN:4,(anonymous_13)
FN:5,ListUserService
FN:6,(anonymous_15)
FNF:3
FNH:3
FNDA:2,(anonymous_13)
FNDA:2,ListUserService
FNDA:2,(anonymous_15)
DA:4,2
DA:5,2
DA:6,2
DA:7,2
DA:8,2
DA:10,2
LF:6
LH:6
BRDA:7,0,0,2
BRF:1
BRH:1
end_of_record
TN:
SF:src/domains/users/services/ShowUserService.ts
FN:7,(anonymous_13)
FN:8,ShowUserService
FN:9,(anonymous_15)
FNF:3
FNH:3
FNDA:1,(anonymous_13)
FNDA:1,ShowUserService
FNDA:1,(anonymous_15)
DA:7,1
DA:8,1
DA:9,1
DA:10,1
DA:11,1
DA:13,1
LF:6
LH:6
BRDA:10,0,0,1
BRF:1
BRH:1
end_of_record
TN:
SF:src/domains/users/services/UpdateUserService.ts
FN:5,(anonymous_14)
FN:6,UpdateUserService
FN:7,(anonymous_16)
FNF:3
FNH:3
FNDA:1,(anonymous_14)
FNDA:2,UpdateUserService
FNDA:2,(anonymous_16)
DA:1,1
DA:5,1
DA:6,2
DA:7,1
DA:8,2
DA:10,2
DA:11,1
DA:13,1
DA:14,1
DA:15,1
DA:16,1
DA:18,1
DA:20,1
DA:22,1
LF:14
LH:14
BRDA:8,0,0,2
BRDA:10,1,0,1
BRDA:10,1,1,1
BRF:3
BRH:3
end_of_record
