TN:
SF:src/domains/users/infra/typeorm/entities/User.ts
FN:10,(anonymous_2)
FNF:1
FNH:1
FNDA:3,(anonymous_2)
DA:1,1
DA:10,1
DA:12,1
DA:15,1
DA:18,1
DA:21,1
DA:24,1
DA:27,1
DA:30,1
DA:33,1
DA:34,1
DA:35,1
LF:12
LH:12
BRF:0
BRH:0
end_of_record
TN:
SF:src/domains/users/infra/typeorm/entities/UserTypes.ts
FN:10,(anonymous_2)
FNF:1
FNH:0
FNDA:0,(anonymous_2)
DA:1,0
DA:10,0
DA:12,0
DA:15,0
DA:18,0
DA:21,0
DA:24,0
DA:25,0
DA:26,0
LF:9
LH:0
BRF:0
BRH:0
end_of_record
TN:
SF:src/domains/users/repositories/fakes/FakeUsersRepository.ts
FN:6,(anonymous_3)
FN:8,FakeUsersRepository
FN:10,(anonymous_5)
FN:11,(anonymous_6)
FN:15,(anonymous_7)
FN:16,(anonymous_8)
FN:17,(anonymous_9)
FN:21,(anonymous_10)
FN:22,(anonymous_11)
FN:23,(anonymous_12)
FN:29,(anonymous_13)
FN:30,(anonymous_14)
FN:31,(anonymous_15)
FN:36,(anonymous_16)
FN:37,(anonymous_17)
FN:49,(anonymous_18)
FN:50,(anonymous_19)
FN:51,(anonymous_20)
FNF:18
FNH:7
FNDA:1,(anonymous_3)
FNDA:1,FakeUsersRepository
FNDA:0,(anonymous_5)
FNDA:0,(anonymous_6)
FNDA:0,(anonymous_7)
FNDA:0,(anonymous_8)
FNDA:0,(anonymous_9)
FNDA:2,(anonymous_10)
FNDA:2,(anonymous_11)
FNDA:1,(anonymous_12)
FNDA:0,(anonymous_13)
FNDA:0,(anonymous_14)
FNDA:0,(anonymous_15)
FNDA:2,(anonymous_16)
FNDA:2,(anonymous_17)
FNDA:0,(anonymous_18)
FNDA:0,(anonymous_19)
FNDA:0,(anonymous_20)
DA:3,1
DA:4,1
DA:6,1
DA:7,1
DA:10,1
DA:11,0
DA:12,0
DA:15,1
DA:16,0
DA:17,0
DA:21,2
DA:22,2
DA:23,2
DA:25,2
DA:29,1
DA:30,0
DA:31,0
DA:32,0
DA:36,2
DA:37,2
DA:38,2
DA:39,2
DA:45,2
DA:46,2
DA:49,1
DA:50,0
DA:51,0
DA:52,0
DA:53,0
DA:56,1
DA:57,1
LF:31
LH:20
BRF:0
BRH:0
end_of_record
TN:
SF:src/domains/users/services/AuthenticateUserService.ts
FN:8,(anonymous_13)
FN:9,AuthenticateUserService
FN:10,(anonymous_15)
FNF:3
FNH:3
FNDA:1,(anonymous_13)
FNDA:3,AuthenticateUserService
FNDA:3,(anonymous_15)
DA:8,1
DA:9,3
DA:10,3
DA:11,3
DA:13,1
LF:5
LH:5
BRF:0
BRH:0
end_of_record
TN:
SF:src/domains/users/services/CreateUserService.ts
FN:11,(anonymous_14)
FN:12,CreateUserService
FN:13,(anonymous_16)
FNF:3
FNH:3
FNDA:1,(anonymous_14)
FNDA:3,CreateUserService
FNDA:2,(anonymous_16)
DA:1,1
DA:11,1
DA:12,3
DA:13,1
DA:14,2
DA:15,2
DA:16,2
DA:17,2
DA:18,2
DA:20,2
DA:22,2
DA:23,0
DA:25,2
DA:32,2
DA:34,1
LF:15
LH:14
BRDA:20,0,0,2
BRDA:22,1,0,0
BRDA:22,1,1,2
BRF:3
BRH:2
end_of_record
TN:
SF:src/domains/users/services/DeleteUserService.ts
FN:5,(anonymous_13)
FN:6,DeleteUserService
FN:7,(anonymous_15)
FNF:3
FNH:0
FNDA:0,(anonymous_13)
FNDA:0,DeleteUserService
FNDA:0,(anonymous_15)
DA:5,0
DA:6,0
DA:7,0
DA:8,0
DA:10,0
LF:5
LH:0
BRDA:8,0,0,0
BRF:1
BRH:0
end_of_record
TN:
SF:src/domains/users/services/ListUserService.ts
FN:4,(anonymous_13)
FN:5,ListUserService
FN:6,(anonymous_15)
FNF:3
FNH:0
FNDA:0,(anonymous_13)
FNDA:0,ListUserService
FNDA:0,(anonymous_15)
DA:4,0
DA:5,0
DA:6,0
DA:7,0
DA:8,0
DA:10,0
LF:6
LH:0
BRDA:7,0,0,0
BRF:1
BRH:0
end_of_record
TN:
SF:src/domains/users/services/ShowUserService.ts
FN:7,(anonymous_13)
FN:8,ShowUserService
FN:9,(anonymous_15)
FNF:3
FNH:0
FNDA:0,(anonymous_13)
FNDA:0,ShowUserService
FNDA:0,(anonymous_15)
DA:7,0
DA:8,0
DA:9,0
DA:10,0
DA:11,0
DA:13,0
LF:6
LH:0
BRDA:10,0,0,0
BRF:1
BRH:0
end_of_record
TN:
SF:src/domains/users/services/UpdateUserService.ts
FN:5,(anonymous_14)
FN:6,UpdateUserService
FN:7,(anonymous_16)
FNF:3
FNH:0
FNDA:0,(anonymous_14)
FNDA:0,UpdateUserService
FNDA:0,(anonymous_16)
DA:1,0
DA:5,0
DA:6,0
DA:7,0
DA:8,0
DA:10,0
DA:11,0
DA:13,0
DA:14,0
DA:15,0
DA:16,0
DA:18,0
DA:20,0
DA:22,0
LF:14
LH:0
BRDA:8,0,0,0
BRDA:10,1,0,0
BRDA:10,1,1,0
BRF:3
BRH:0
end_of_record
